2021-02-23 17:01:26,225 [5] 
[Category:]
[UserId:]
{"PlaformId":-1,"VersionId":-1,"DeviceSerial":null,"Details":"UserAgent:PostmanRuntime/7.26.8\r\n"}
/api/identity?token=232AFF0C-7804-4A14-A1D5-ECA660EB4AD8&code=000000

--------------------------------------------------------------------------------------------------------------------------------------------------------------------------------------------------------

2021-02-23 17:01:33,362 [5] 
[Category:]
[UserId:]

/api/identity?token=232AFF0C-7804-4A14-A1D5-ECA660EB4AD8&code=000000
CodeExpired
--------------------------------------------------------------------------------------------------------------------------------------------------------------------------------------------------------

2021-02-23 17:05:05,056 [8] 
[Category:]
[UserId:]
{"PlaformId":-1,"VersionId":-1,"DeviceSerial":null,"Details":"UserAgent:PostmanRuntime/7.26.8\r\n"}
/api/identity?token=232AFF0C-7804-4A14-A1D5-ECA660EB4AD8&code=000000

--------------------------------------------------------------------------------------------------------------------------------------------------------------------------------------------------------

2021-02-23 17:05:09,130 [8] 
[Category:]
[UserId:]

/api/identity?token=232AFF0C-7804-4A14-A1D5-ECA660EB4AD8&code=000000
CodeExpired
--------------------------------------------------------------------------------------------------------------------------------------------------------------------------------------------------------

2021-02-24 11:34:46,435 [6] 
[Category:]
[UserId:]

/api/user

--------------------------------------------------------------------------------------------------------------------------------------------------------------------------------------------------------

2021-02-24 11:43:04,114 [10] 
[Category:]
[UserId:]

/api/user

--------------------------------------------------------------------------------------------------------------------------------------------------------------------------------------------------------

2021-02-24 12:22:38,628 [23] 
[Category:]
[UserId:]

/api/user

--------------------------------------------------------------------------------------------------------------------------------------------------------------------------------------------------------

2021-02-24 12:23:01,526 [17] 
[Category:]
[UserId:]

/api/user?id=5D8108B2-EEC2-4759-999B-2790909535E8

--------------------------------------------------------------------------------------------------------------------------------------------------------------------------------------------------------

